#
# A fatal error has been detected by the Java Runtime Environment:
#
#  Internal Error (./src/hotspot/share/runtime/signature.cpp:53), pid=6728, tid=1728
#  fatal error: expecting (
#
# JRE version: OpenJDK Runtime Environment AdoptOpenJDK (11.0.8+10) (build 11.0.8+10)
# Java VM: OpenJDK 64-Bit Server VM AdoptOpenJDK (11.0.8+10, mixed mode, tiered, compressed oops, g1 gc, windows-amd64)
# No core dump will be written. Minidumps are not enabled by default on client versions of Windows
#
# If you would like to submit a bug report, please visit:
#   https://github.com/AdoptOpenJDK/openjdk-support/issues
#

---------------  S U M M A R Y ------------

Command Line: -agentlib:jdwp=transport=dt_socket,suspend=y,address=localhost:60580 -javaagent:C:\Users\강두현\OneDrive\바탕 화면\코딩\이클립스\eclipse\configuration\org.eclipse.osgi\413\0\.cp\lib\javaagent-shaded.jar -Dfile.encoding=UTF-8 --module-path=C:\Users\강두현\Downloads\mysql-connector-java-8.0.22\mysql-connector-java-8.0.22.jar main.DBTest

Host: Intel(R) Core(TM) i7-10875H CPU @ 2.30GHz, 16 cores, 31G,  Windows 10 , 64 bit Build 19041 (10.0.19041.546)
Time: Thu Nov 19 23:06:54 2020 대한민국 표준시 elapsed time: 87997 seconds (1d 0h 26m 37s)

---------------  T H R E A D  ---------------

Current thread (0x000001fcb148a800):  JavaThread "main" [_thread_in_vm, id=1728, stack(0x00000035f5200000,0x00000035f5300000)]

Stack: [0x00000035f5200000,0x00000035f5300000]
Native frames: (J=compiled Java code, j=interpreted, Vv=VM code, C=native code)
V  [jvm.dll+0x5dfa5a]
V  [jvm.dll+0x7175ce]
V  [jvm.dll+0x718c9f]
V  [jvm.dll+0x719317]
V  [jvm.dll+0x240bc4]
V  [jvm.dll+0x65fe87]
V  [jvm.dll+0x2c21b0]
V  [jvm.dll+0x363742]
V  [jvm.dll+0x362f84]
C  0x000001fcb9b1c68e

Java frames: (J=compiled Java code, j=interpreted, Vv=VM code)
j  main.DBTest.main([Ljava/lang/String;)V+86
v  ~StubRoutines::call_stub

---------------  P R O C E S S  ---------------

Threads class SMR info:
_java_thread_list=0x000001fce1a75600, length=14, elements={
0x000001fcb148a800, 0x000001fcdfd63000, 0x000001fcdfd66000, 0x000001fcdfdf3800,
0x000001fcdfdf5800, 0x000001fcdfdf9000, 0x000001fcdfe08000, 0x000001fcdfe1b800,
0x000001fcdff86800, 0x000001fce02c4000, 0x000001fce04c4000, 0x000001fce0308800,
0x000001fce032f800, 0x000001fce02c2000
}

Java Threads: ( => current thread )
=>0x000001fcb148a800 JavaThread "main" [_thread_in_vm, id=1728, stack(0x00000035f5200000,0x00000035f5300000)]
  0x000001fcdfd63000 JavaThread "Reference Handler" daemon [_thread_blocked, id=16188, stack(0x00000035f5900000,0x00000035f5a00000)]
  0x000001fcdfd66000 JavaThread "Finalizer" daemon [_thread_blocked, id=16684, stack(0x00000035f5a00000,0x00000035f5b00000)]
  0x000001fcdfdf3800 JavaThread "Signal Dispatcher" daemon [_thread_blocked, id=12776, stack(0x00000035f5b00000,0x00000035f5c00000)]
  0x000001fcdfdf5800 JavaThread "Attach Listener" daemon [_thread_blocked, id=15812, stack(0x00000035f5c00000,0x00000035f5d00000)]
  0x000001fcdfdf9000 JavaThread "C2 CompilerThread0" daemon [_thread_blocked, id=3920, stack(0x00000035f5d00000,0x00000035f5e00000)]
  0x000001fcdfe08000 JavaThread "C1 CompilerThread0" daemon [_thread_blocked, id=18084, stack(0x00000035f5e00000,0x00000035f5f00000)]
  0x000001fcdfe1b800 JavaThread "Sweeper thread" daemon [_thread_blocked, id=14656, stack(0x00000035f5f00000,0x00000035f6000000)]
  0x000001fcdff86800 JavaThread "Common-Cleaner" daemon [_thread_blocked, id=16648, stack(0x00000035f6000000,0x00000035f6100000)]
  0x000001fce02c4000 JavaThread "JDWP Transport Listener: dt_socket" daemon [_thread_blocked, id=2252, stack(0x00000035f6600000,0x00000035f6700000)]
  0x000001fce04c4000 JavaThread "JDWP Event Helper Thread" daemon [_thread_blocked, id=10724, stack(0x00000035f6700000,0x00000035f6800000)]
  0x000001fce0308800 JavaThread "JDWP Command Reader" daemon [_thread_in_native, id=15056, stack(0x00000035f6800000,0x00000035f6900000)]
  0x000001fce032f800 JavaThread "Service Thread" daemon [_thread_blocked, id=14764, stack(0x00000035f6900000,0x00000035f6a00000)]
  0x000001fce02c2000 JavaThread "mysql-cj-abandoned-connection-cleanup" daemon [_thread_blocked, id=11316, stack(0x00000035f6b00000,0x00000035f6c00000)]

Other Threads:
  0x000001fcdfd61000 VMThread "VM Thread" [stack: 0x00000035f5800000,0x00000035f5900000] [id=13624]
  0x000001fce0303000 WatcherThread [stack: 0x00000035f6a00000,0x00000035f6b00000] [id=10956]
  0x000001fcb14a5000 GCTaskThread "GC Thread#0" [stack: 0x00000035f5300000,0x00000035f5400000] [id=9176]
  0x000001fce123e000 GCTaskThread "GC Thread#1" [stack: 0x00000035f6c00000,0x00000035f6d00000] [id=4276]
  0x000001fce0ed4800 GCTaskThread "GC Thread#2" [stack: 0x00000035f6d00000,0x00000035f6e00000] [id=16848]
  0x000001fce0f89800 GCTaskThread "GC Thread#3" [stack: 0x00000035f6e00000,0x00000035f6f00000] [id=17656]
  0x000001fce05f8800 GCTaskThread "GC Thread#4" [stack: 0x00000035f6f00000,0x00000035f7000000] [id=2256]
  0x000001fce072f800 GCTaskThread "GC Thread#5" [stack: 0x00000035f7000000,0x00000035f7100000] [id=15512]
  0x000001fce06dd800 GCTaskThread "GC Thread#6" [stack: 0x00000035f7100000,0x00000035f7200000] [id=1132]
  0x000001fce0eee800 GCTaskThread "GC Thread#7" [stack: 0x00000035f7200000,0x00000035f7300000] [id=8024]
  0x000001fce12a5800 GCTaskThread "GC Thread#8" [stack: 0x00000035f7300000,0x00000035f7400000] [id=1232]
  0x000001fce0dfb000 GCTaskThread "GC Thread#9" [stack: 0x00000035f7400000,0x00000035f7500000] [id=16416]
  0x000001fce0dfc000 GCTaskThread "GC Thread#10" [stack: 0x00000035f7500000,0x00000035f7600000] [id=14484]
  0x000001fce0e1e000 GCTaskThread "GC Thread#11" [stack: 0x00000035f7600000,0x00000035f7700000] [id=5772]
  0x000001fcb1526000 ConcurrentGCThread "G1 Main Marker" [stack: 0x00000035f5400000,0x00000035f5500000] [id=18012]
  0x000001fcb1528800 ConcurrentGCThread "G1 Conc#0" [stack: 0x00000035f5500000,0x00000035f5600000] [id=3064]
  0x000001fcdf2b7800 ConcurrentGCThread "G1 Refine#0" [stack: 0x00000035f5600000,0x00000035f5700000] [id=15840]
  0x000001fcdf2ba800 ConcurrentGCThread "G1 Young RemSet Sampling" [stack: 0x00000035f5700000,0x00000035f5800000] [id=15560]

Threads with active compile tasks:

VM state:not at safepoint (normal execution)

VM Mutex/Monitor currently owned by a thread: None

Heap address: 0x0000000601600000, size: 8170 MB, Compressed Oops mode: Zero based, Oop shift amount: 3
Narrow klass base: 0x0000000800000000, Narrow klass shift: 0
Compressed class space size: 1073741824 Address: 0x0000000800000000

Heap:
 garbage-first heap   total 524288K, used 29028K [0x0000000601600000, 0x0000000800000000)
  region size 2048K, 16 young (32768K), 2 survivors (4096K)
 Metaspace       used 15406K, capacity 15713K, committed 15872K, reserved 1062912K
  class space    used 1428K, capacity 1529K, committed 1536K, reserved 1048576K
Heap Regions: E=young(eden), S=young(survivor), O=old, HS=humongous(starts), HC=humongous(continues), CS=collection set, F=free, A=archive, TAMS=top-at-mark-start (previous, next)
|   0|0x0000000601600000, 0x0000000601600000, 0x0000000601800000|  0%| F|  |TAMS 0x0000000601600000, 0x0000000601600000| Untracked 
|   1|0x0000000601800000, 0x0000000601800000, 0x0000000601a00000|  0%| F|  |TAMS 0x0000000601800000, 0x0000000601800000| Untracked 
|   2|0x0000000601a00000, 0x0000000601a00000, 0x0000000601c00000|  0%| F|  |TAMS 0x0000000601a00000, 0x0000000601a00000| Untracked 
|   3|0x0000000601c00000, 0x0000000601c00000, 0x0000000601e00000|  0%| F|  |TAMS 0x0000000601c00000, 0x0000000601c00000| Untracked 
|   4|0x0000000601e00000, 0x0000000601e00000, 0x0000000602000000|  0%| F|  |TAMS 0x0000000601e00000, 0x0000000601e00000| Untracked 
|   5|0x0000000602000000, 0x0000000602000000, 0x0000000602200000|  0%| F|  |TAMS 0x0000000602000000, 0x0000000602000000| Untracked 
|   6|0x0000000602200000, 0x0000000602200000, 0x0000000602400000|  0%| F|  |TAMS 0x0000000602200000, 0x0000000602200000| Untracked 
|   7|0x0000000602400000, 0x0000000602400000, 0x0000000602600000|  0%| F|  |TAMS 0x0000000602400000, 0x0000000602400000| Untracked 
|   8|0x0000000602600000, 0x0000000602600000, 0x0000000602800000|  0%| F|  |TAMS 0x0000000602600000, 0x0000000602600000| Untracked 
|   9|0x0000000602800000, 0x0000000602800000, 0x0000000602a00000|  0%| F|  |TAMS 0x0000000602800000, 0x0000000602800000| Untracked 
|  10|0x0000000602a00000, 0x0000000602a00000, 0x0000000602c00000|  0%| F|  |TAMS 0x0000000602a00000, 0x0000000602a00000| Untracked 
|  11|0x0000000602c00000, 0x0000000602c00000, 0x0000000602e00000|  0%| F|  |TAMS 0x0000000602c00000, 0x0000000602c00000| Untracked 
|  12|0x0000000602e00000, 0x0000000602e00000, 0x0000000603000000|  0%| F|  |TAMS 0x0000000602e00000, 0x0000000602e00000| Untracked 
|  13|0x0000000603000000, 0x0000000603000000, 0x0000000603200000|  0%| F|  |TAMS 0x0000000603000000, 0x0000000603000000| Untracked 
|  14|0x0000000603200000, 0x0000000603200000, 0x0000000603400000|  0%| F|  |TAMS 0x0000000603200000, 0x0000000603200000| Untracked 
|  15|0x0000000603400000, 0x0000000603400000, 0x0000000603600000|  0%| F|  |TAMS 0x0000000603400000, 0x0000000603400000| Untracked 
|  16|0x0000000603600000, 0x0000000603600000, 0x0000000603800000|  0%| F|  |TAMS 0x0000000603600000, 0x0000000603600000| Untracked 
|  17|0x0000000603800000, 0x0000000603800000, 0x0000000603a00000|  0%| F|  |TAMS 0x0000000603800000, 0x0000000603800000| Untracked 
|  18|0x0000000603a00000, 0x0000000603a00000, 0x0000000603c00000|  0%| F|  |TAMS 0x0000000603a00000, 0x0000000603a00000| Untracked 
|  19|0x0000000603c00000, 0x0000000603c00000, 0x0000000603e00000|  0%| F|  |TAMS 0x0000000603c00000, 0x0000000603c00000| Untracked 
|  20|0x0000000603e00000, 0x0000000603e00000, 0x0000000604000000|  0%| F|  |TAMS 0x0000000603e00000, 0x0000000603e00000| Untracked 
|  21|0x0000000604000000, 0x0000000604000000, 0x0000000604200000|  0%| F|  |TAMS 0x0000000604000000, 0x0000000604000000| Untracked 
|  22|0x0000000604200000, 0x0000000604200000, 0x0000000604400000|  0%| F|  |TAMS 0x0000000604200000, 0x0000000604200000| Untracked 
|  23|0x0000000604400000, 0x0000000604400000, 0x0000000604600000|  0%| F|  |TAMS 0x0000000604400000, 0x0000000604400000| Untracked 
|  24|0x0000000604600000, 0x0000000604600000, 0x0000000604800000|  0%| F|  |TAMS 0x0000000604600000, 0x0000000604600000| Untracked 
|  25|0x0000000604800000, 0x0000000604800000, 0x0000000604a00000|  0%| F|  |TAMS 0x0000000604800000, 0x0000000604800000| Untracked 
|  26|0x0000000604a00000, 0x0000000604a00000, 0x0000000604c00000|  0%| F|  |TAMS 0x0000000604a00000, 0x0000000604a00000| Untracked 
|  27|0x0000000604c00000, 0x0000000604c00000, 0x0000000604e00000|  0%| F|  |TAMS 0x0000000604c00000, 0x0000000604c00000| Untracked 
|  28|0x0000000604e00000, 0x0000000604e00000, 0x0000000605000000|  0%| F|  |TAMS 0x0000000604e00000, 0x0000000604e00000| Untracked 
|  29|0x0000000605000000, 0x0000000605000000, 0x0000000605200000|  0%| F|  |TAMS 0x0000000605000000, 0x0000000605000000| Untracked 
|  30|0x0000000605200000, 0x0000000605200000, 0x0000000605400000|  0%| F|  |TAMS 0x0000000605200000, 0x0000000605200000| Untracked 
|  31|0x0000000605400000, 0x0000000605400000, 0x0000000605600000|  0%| F|  |TAMS 0x0000000605400000, 0x0000000605400000| Untracked 
|  32|0x0000000605600000, 0x0000000605600000, 0x0000000605800000|  0%| F|  |TAMS 0x0000000605600000, 0x0000000605600000| Untracked 
|  33|0x0000000605800000, 0x0000000605800000, 0x0000000605a00000|  0%| F|  |TAMS 0x0000000605800000, 0x0000000605800000| Untracked 
|  34|0x0000000605a00000, 0x0000000605a00000, 0x0000000605c00000|  0%| F|  |TAMS 0x0000000605a00000, 0x0000000605a00000| Untracked 
|  35|0x0000000605c00000, 0x0000000605c00000, 0x0000000605e00000|  0%| F|  |TAMS 0x0000000605c00000, 0x0000000605c00000| Untracked 
|  36|0x0000000605e00000, 0x0000000605e00000, 0x0000000606000000|  0%| F|  |TAMS 0x0000000605e00000, 0x0000000605e00000| Untracked 
|  37|0x0000000606000000, 0x0000000606000000, 0x0000000606200000|  0%| F|  |TAMS 0x0000000606000000, 0x0000000606000000| Untracked 
|  38|0x0000000606200000, 0x0000000606200000, 0x0000000606400000|  0%| F|  |TAMS 0x0000000606200000, 0x0000000606200000| Untracked 
|  39|0x0000000606400000, 0x0000000606400000, 0x0000000606600000|  0%| F|  |TAMS 0x0000000606400000, 0x0000000606400000| Untracked 
|  40|0x0000000606600000, 0x0000000606600000, 0x0000000606800000|  0%| F|  |TAMS 0x0000000606600000, 0x0000000606600000| Untracked 
|  41|0x0000000606800000, 0x0000000606800000, 0x0000000606a00000|  0%| F|  |TAMS 0x0000000606800000, 0x0000000606800000| Untracked 
|  42|0x0000000606a00000, 0x0000000606a00000, 0x0000000606c00000|  0%| F|  |TAMS 0x0000000606a00000, 0x0000000606a00000| Untracked 
|  43|0x0000000606c00000, 0x0000000606c00000, 0x0000000606e00000|  0%| F|  |TAMS 0x0000000606c00000, 0x0000000606c00000| Untracked 
|  44|0x0000000606e00000, 0x0000000606e00000, 0x0000000607000000|  0%| F|  |TAMS 0x0000000606e00000, 0x0000000606e00000| Untracked 
|  45|0x0000000607000000, 0x0000000607000000, 0x0000000607200000|  0%| F|  |TAMS 0x0000000607000000, 0x0000000607000000| Untracked 
|  46|0x0000000607200000, 0x0000000607200000, 0x0000000607400000|  0%| F|  |TAMS 0x0000000607200000, 0x0000000607200000| Untracked 
|  47|0x0000000607400000, 0x0000000607400000, 0x0000000607600000|  0%| F|  |TAMS 0x0000000607400000, 0x0000000607400000| Untracked 
|  48|0x0000000607600000, 0x0000000607600000, 0x0000000607800000|  0%| F|  |TAMS 0x0000000607600000, 0x0000000607600000| Untracked 
|  49|0x0000000607800000, 0x0000000607800000, 0x0000000607a00000|  0%| F|  |TAMS 0x0000000607800000, 0x0000000607800000| Untracked 
|  50|0x0000000607a00000, 0x0000000607a00000, 0x0000000607c00000|  0%| F|  |TAMS 0x0000000607a00000, 0x0000000607a00000| Untracked 
|  51|0x0000000607c00000, 0x0000000607c00000, 0x0000000607e00000|  0%| F|  |TAMS 0x0000000607c00000, 0x0000000607c00000| Untracked 
|  52|0x0000000607e00000, 0x0000000607e00000, 0x0000000608000000|  0%| F|  |TAMS 0x0000000607e00000, 0x0000000607e00000| Untracked 
|  53|0x0000000608000000, 0x0000000608000000, 0x0000000608200000|  0%| F|  |TAMS 0x0000000608000000, 0x0000000608000000| Untracked 
|  54|0x0000000608200000, 0x0000000608200000, 0x0000000608400000|  0%| F|  |TAMS 0x0000000608200000, 0x0000000608200000| Untracked 
|  55|0x0000000608400000, 0x0000000608400000, 0x0000000608600000|  0%| F|  |TAMS 0x0000000608400000, 0x0000000608400000| Untracked 
|  56|0x0000000608600000, 0x0000000608600000, 0x0000000608800000|  0%| F|  |TAMS 0x0000000608600000, 0x0000000608600000| Untracked 
|  57|0x0000000608800000, 0x0000000608800000, 0x0000000608a00000|  0%| F|  |TAMS 0x0000000608800000, 0x0000000608800000| Untracked 
|  58|0x0000000608a00000, 0x0000000608a00000, 0x0000000608c00000|  0%| F|  |TAMS 0x0000000608a00000, 0x0000000608a00000| Untracked 
|  59|0x0000000608c00000, 0x0000000608c00000, 0x0000000608e00000|  0%| F|  |TAMS 0x0000000608c00000, 0x0000000608c00000| Untracked 
|  60|0x0000000608e00000, 0x0000000608e00000, 0x0000000609000000|  0%| F|  |TAMS 0x0000000608e00000, 0x0000000608e00000| Untracked 
|  61|0x0000000609000000, 0x0000000609000000, 0x0000000609200000|  0%| F|  |TAMS 0x0000000609000000, 0x0000000609000000| Untracked 
|  62|0x0000000609200000, 0x0000000609200000, 0x0000000609400000|  0%| F|  |TAMS 0x0000000609200000, 0x0000000609200000| Untracked 
|  63|0x0000000609400000, 0x0000000609400000, 0x0000000609600000|  0%| F|  |TAMS 0x0000000609400000, 0x0000000609400000| Untracked 
|  64|0x0000000609600000, 0x0000000609600000, 0x0000000609800000|  0%| F|  |TAMS 0x0000000609600000, 0x0000000609600000| Untracked 
|  65|0x0000000609800000, 0x0000000609800000, 0x0000000609a00000|  0%| F|  |TAMS 0x0000000609800000, 0x0000000609800000| Untracked 
|  66|0x0000000609a00000, 0x0000000609a00000, 0x0000000609c00000|  0%| F|  |TAMS 0x0000000609a00000, 0x0000000609a00000| Untracked 
|  67|0x0000000609c00000, 0x0000000609c00000, 0x0000000609e00000|  0%| F|  |TAMS 0x0000000609c00000, 0x0000000609c00000| Untracked 
|  68|0x0000000609e00000, 0x0000000609e00000, 0x000000060a000000|  0%| F|  |TAMS 0x0000000609e00000, 0x0000000609e00000| Untracked 
|  69|0x000000060a000000, 0x000000060a000000, 0x000000060a200000|  0%| F|  |TAMS 0x000000060a000000, 0x000000060a000000| Untracked 
|  70|0x000000060a200000, 0x000000060a200000, 0x000000060a400000|  0%| F|  |TAMS 0x000000060a200000, 0x000000060a200000| Untracked 
|  71|0x000000060a400000, 0x000000060a400000, 0x000000060a600000|  0%| F|  |TAMS 0x000000060a400000, 0x000000060a400000| Untracked 
|  72|0x000000060a600000, 0x000000060a600000, 0x000000060a800000|  0%| F|  |TAMS 0x000000060a600000, 0x000000060a600000| Untracked 
|  73|0x000000060a800000, 0x000000060a800000, 0x000000060aa00000|  0%| F|  |TAMS 0x000000060a800000, 0x000000060a800000| Untracked 
|  74|0x000000060aa00000, 0x000000060aa00000, 0x000000060ac00000|  0%| F|  |TAMS 0x000000060aa00000, 0x000000060aa00000| Untracked 
|  75|0x000000060ac00000, 0x000000060ac00000, 0x000000060ae00000|  0%| F|  |TAMS 0x000000060ac00000, 0x000000060ac00000| Untracked 
|  76|0x000000060ae00000, 0x000000060ae00000, 0x000000060b000000|  0%| F|  |TAMS 0x000000060ae00000, 0x000000060ae00000| Untracked 
|  77|0x000000060b000000, 0x000000060b000000, 0x000000060b200000|  0%| F|  |TAMS 0x000000060b000000, 0x000000060b000000| Untracked 
|  78|0x000000060b200000, 0x000000060b200000, 0x000000060b400000|  0%| F|  |TAMS 0x000000060b200000, 0x000000060b200000| Untracked 
|  79|0x000000060b400000, 0x000000060b400000, 0x000000060b600000|  0%| F|  |TAMS 0x000000060b400000, 0x000000060b400000| Untracked 
|  80|0x000000060b600000, 0x000000060b600000, 0x000000060b800000|  0%| F|  |TAMS 0x000000060b600000, 0x000000060b600000| Untracked 
|  81|0x000000060b800000, 0x000000060b800000, 0x000000060ba00000|  0%| F|  |TAMS 0x000000060b800000, 0x000000060b800000| Untracked 
|  82|0x000000060ba00000, 0x000000060ba00000, 0x000000060bc00000|  0%| F|  |TAMS 0x000000060ba00000, 0x000000060ba00000| Untracked 
|  83|0x000000060bc00000, 0x000000060bc00000, 0x000000060be00000|  0%| F|  |TAMS 0x000000060bc00000, 0x000000060bc00000| Untracked 
|  84|0x000000060be00000, 0x000000060be00000, 0x000000060c000000|  0%| F|  |TAMS 0x000000060be00000, 0x000000060be00000| Untracked 
|  85|0x000000060c000000, 0x000000060c000000, 0x000000060c200000|  0%| F|  |TAMS 0x000000060c000000, 0x000000060c000000| Untracked 
|  86|0x000000060c200000, 0x000000060c200000, 0x000000060c400000|  0%| F|  |TAMS 0x000000060c200000, 0x000000060c200000| Untracked 
|  87|0x000000060c400000, 0x000000060c400000, 0x000000060c600000|  0%| F|  |TAMS 0x000000060c400000, 0x000000060c400000| Untracked 
|  88|0x000000060c600000, 0x000000060c600000, 0x000000060c800000|  0%| F|  |TAMS 0x000000060c600000, 0x000000060c600000| Untracked 
|  89|0x000000060c800000, 0x000000060c800000, 0x000000060ca00000|  0%| F|  |TAMS 0x000000060c800000, 0x000000060c800000| Untracked 
|  90|0x000000060ca00000, 0x000000060ca00000, 0x000000060cc00000|  0%| F|  |TAMS 0x000000060ca00000, 0x000000060ca00000| Untracked 
|  91|0x000000060cc00000, 0x000000060cc00000, 0x000000060ce00000|  0%| F|  |TAMS 0x000000060cc00000, 0x000000060cc00000| Untracked 
|  92|0x000000060ce00000, 0x000000060ce00000, 0x000000060d000000|  0%| F|  |TAMS 0x000000060ce00000, 0x000000060ce00000| Untracked 
|  93|0x000000060d000000, 0x000000060d000000, 0x000000060d200000|  0%| F|  |TAMS 0x000000060d000000, 0x000000060d000000| Untracked 
|  94|0x000000060d200000, 0x000000060d200000, 0x000000060d400000|  0%| F|  |TAMS 0x000000060d200000, 0x000000060d200000| Untracked 
|  95|0x000000060d400000, 0x000000060d400000, 0x000000060d600000|  0%| F|  |TAMS 0x000000060d400000, 0x000000060d400000| Untracked 
|  96|0x000000060d600000, 0x000000060d600000, 0x000000060d800000|  0%| F|  |TAMS 0x000000060d600000, 0x000000060d600000| Untracked 
|  97|0x000000060d800000, 0x000000060d800000, 0x000000060da00000|  0%| F|  |TAMS 0x000000060d800000, 0x000000060d800000| Untracked 
|  98|0x000000060da00000, 0x000000060da00000, 0x000000060dc00000|  0%| F|  |TAMS 0x000000060da00000, 0x000000060da00000| Untracked 
|  99|0x000000060dc00000, 0x000000060dc00000, 0x000000060de00000|  0%| F|  |TAMS 0x000000060dc00000, 0x000000060dc00000| Untracked 
| 100|0x000000060de00000, 0x000000060de00000, 0x000000060e000000|  0%| F|  |TAMS 0x000000060de00000, 0x000000060de00000| Untracked 
| 101|0x000000060e000000, 0x000000060e000000, 0x000000060e200000|  0%| F|  |TAMS 0x000000060e000000, 0x000000060e000000| Untracked 
| 102|0x000000060e200000, 0x000000060e200000, 0x000000060e400000|  0%| F|  |TAMS 0x000000060e200000, 0x000000060e200000| Untracked 
| 103|0x000000060e400000, 0x000000060e400000, 0x000000060e600000|  0%| F|  |TAMS 0x000000060e400000, 0x000000060e400000| Untracked 
| 104|0x000000060e600000, 0x000000060e600000, 0x000000060e800000|  0%| F|  |TAMS 0x000000060e600000, 0x000000060e600000| Untracked 
| 105|0x000000060e800000, 0x000000060e800000, 0x000000060ea00000|  0%| F|  |TAMS 0x000000060e800000, 0x000000060e800000| Untracked 
| 106|0x000000060ea00000, 0x000000060ea00000, 0x000000060ec00000|  0%| F|  |TAMS 0x000000060ea00000, 0x000000060ea00000| Untracked 
| 107|0x000000060ec00000, 0x000000060ec00000, 0x000000060ee00000|  0%| F|  |TAMS 0x000000060ec00000, 0x000000060ec00000| Untracked 
| 108|0x000000060ee00000, 0x000000060ee00000, 0x000000060f000000|  0%| F|  |TAMS 0x000000060ee00000, 0x000000060ee00000| Untracked 
| 109|0x000000060f000000, 0x000000060f000000, 0x000000060f200000|  0%| F|  |TAMS 0x000000060f000000, 0x000000060f000000| Untracked 
| 110|0x000000060f200000, 0x000000060f200000, 0x000000060f400000|  0%| F|  |TAMS 0x000000060f200000, 0x000000060f200000| Untracked 
| 111|0x000000060f400000, 0x000000060f400000, 0x000000060f600000|  0%| F|  |TAMS 0x000000060f400000, 0x000000060f400000| Untracked 
| 112|0x000000060f600000, 0x000000060f600000, 0x000000060f800000|  0%| F|  |TAMS 0x000000060f600000, 0x000000060f600000| Untracked 
| 113|0x000000060f800000, 0x000000060f800000, 0x000000060fa00000|  0%| F|  |TAMS 0x000000060f800000, 0x000000060f800000| Untracked 
| 114|0x000000060fa00000, 0x000000060fa00000, 0x000000060fc00000|  0%| F|  |TAMS 0x000000060fa00000, 0x000000060fa00000| Untracked 
| 115|0x000000060fc00000, 0x000000060fc00000, 0x000000060fe00000|  0%| F|  |TAMS 0x000000060fc00000, 0x000000060fc00000| Untracked 
| 116|0x000000060fe00000, 0x000000060fe00000, 0x0000000610000000|  0%| F|  |TAMS 0x000000060fe00000, 0x000000060fe00000| Untracked 
| 117|0x0000000610000000, 0x0000000610000000, 0x0000000610200000|  0%| F|  |TAMS 0x0000000610000000, 0x0000000610000000| Untracked 
| 118|0x0000000610200000, 0x0000000610200000, 0x0000000610400000|  0%| F|  |TAMS 0x0000000610200000, 0x0000000610200000| Untracked 
| 119|0x0000000610400000, 0x0000000610400000, 0x0000000610600000|  0%| F|  |TAMS 0x0000000610400000, 0x0000000610400000| Untracked 
| 120|0x0000000610600000, 0x0000000610600000, 0x0000000610800000|  0%| F|  |TAMS 0x0000000610600000, 0x0000000610600000| Untracked 
| 121|0x0000000610800000, 0x0000000610800000, 0x0000000610a00000|  0%| F|  |TAMS 0x0000000610800000, 0x0000000610800000| Untracked 
| 122|0x0000000610a00000, 0x0000000610a00000, 0x0000000610c00000|  0%| F|  |TAMS 0x0000000610a00000, 0x0000000610a00000| Untracked 
| 123|0x0000000610c00000, 0x0000000610c00000, 0x0000000610e00000|  0%| F|  |TAMS 0x0000000610c00000, 0x0000000610c00000| Untracked 
| 124|0x0000000610e00000, 0x0000000610e00000, 0x0000000611000000|  0%| F|  |TAMS 0x0000000610e00000, 0x0000000610e00000| Untracked 
| 125|0x0000000611000000, 0x0000000611000000, 0x0000000611200000|  0%| F|  |TAMS 0x0000000611000000, 0x0000000611000000| Untracked 
| 126|0x0000000611200000, 0x0000000611200000, 0x0000000611400000|  0%| F|  |TAMS 0x0000000611200000, 0x0000000611200000| Untracked 
| 127|0x0000000611400000, 0x0000000611400000, 0x0000000611600000|  0%| F|  |TAMS 0x0000000611400000, 0x0000000611400000| Untracked 
| 128|0x0000000611600000, 0x0000000611600000, 0x0000000611800000|  0%| F|  |TAMS 0x0000000611600000, 0x0000000611600000| Untracked 
| 129|0x0000000611800000, 0x0000000611800000, 0x0000000611a00000|  0%| F|  |TAMS 0x0000000611800000, 0x0000000611800000| Untracked 
| 130|0x0000000611a00000, 0x0000000611a00000, 0x0000000611c00000|  0%| F|  |TAMS 0x0000000611a00000, 0x0000000611a00000| Untracked 
| 131|0x0000000611c00000, 0x0000000611c00000, 0x0000000611e00000|  0%| F|  |TAMS 0x0000000611c00000, 0x0000000611c00000| Untracked 
| 132|0x0000000611e00000, 0x0000000611e00000, 0x0000000612000000|  0%| F|  |TAMS 0x0000000611e00000, 0x0000000611e00000| Untracked 
| 133|0x0000000612000000, 0x0000000612000000, 0x0000000612200000|  0%| F|  |TAMS 0x0000000612000000, 0x0000000612000000| Untracked 
| 134|0x0000000612200000, 0x0000000612200000, 0x0000000612400000|  0%| F|  |TAMS 0x0000000612200000, 0x0000000612200000| Untracked 
| 135|0x0000000612400000, 0x0000000612400000, 0x0000000612600000|  0%| F|  |TAMS 0x0000000612400000, 0x0000000612400000| Untracked 
| 136|0x0000000612600000, 0x0000000612600000, 0x0000000612800000|  0%| F|  |TAMS 0x0000000612600000, 0x0000000612600000| Untracked 
| 137|0x0000000612800000, 0x0000000612800000, 0x0000000612a00000|  0%| F|  |TAMS 0x0000000612800000, 0x0000000612800000| Untracked 
| 138|0x0000000612a00000, 0x0000000612a00000, 0x0000000612c00000|  0%| F|  |TAMS 0x0000000612a00000, 0x0000000612a00000| Untracked 
| 139|0x0000000612c00000, 0x0000000612c00000, 0x0000000612e00000|  0%| F|  |TAMS 0x0000000612c00000, 0x0000000612c00000| Untracked 
| 140|0x0000000612e00000, 0x0000000612e00000, 0x0000000613000000|  0%| F|  |TAMS 0x0000000612e00000, 0x0000000612e00000| Untracked 
| 141|0x0000000613000000, 0x0000000613000000, 0x0000000613200000|  0%| F|  |TAMS 0x0000000613000000, 0x0000000613000000| Untracked 
| 142|0x0000000613200000, 0x0000000613200000, 0x0000000613400000|  0%| F|  |TAMS 0x0000000613200000, 0x0000000613200000| Untracked 
| 143|0x0000000613400000, 0x0000000613400000, 0x0000000613600000|  0%| F|  |TAMS 0x0000000613400000, 0x0000000613400000| Untracked 
| 144|0x0000000613600000, 0x0000000613600000, 0x0000000613800000|  0%| F|  |TAMS 0x0000000613600000, 0x0000000613600000| Untracked 
| 145|0x0000000613800000, 0x0000000613800000, 0x0000000613a00000|  0%| F|  |TAMS 0x0000000613800000, 0x0000000613800000| Untracked 
| 146|0x0000000613a00000, 0x0000000613a00000, 0x0000000613c00000|  0%| F|  |TAMS 0x0000000613a00000, 0x0000000613a00000| Untracked 
| 147|0x0000000613c00000, 0x0000000613c00000, 0x0000000613e00000|  0%| F|  |TAMS 0x0000000613c00000, 0x0000000613c00000| Untracked 
| 148|0x0000000613e00000, 0x0000000613e00000, 0x0000000614000000|  0%| F|  |TAMS 0x0000000613e00000, 0x0000000613e00000| Untracked 
| 149|0x0000000614000000, 0x0000000614000000, 0x0000000614200000|  0%| F|  |TAMS 0x0000000614000000, 0x0000000614000000| Untracked 
| 150|0x0000000614200000, 0x0000000614200000, 0x0000000614400000|  0%| F|  |TAMS 0x0000000614200000, 0x0000000614200000| Untracked 
| 151|0x0000000614400000, 0x0000000614400000, 0x0000000614600000|  0%| F|  |TAMS 0x0000000614400000, 0x0000000614400000| Untracked 
| 152|0x0000000614600000, 0x0000000614600000, 0x0000000614800000|  0%| F|  |TAMS 0x0000000614600000, 0x0000000614600000| Untracked 
| 153|0x0000000614800000, 0x0000000614800000, 0x0000000614a00000|  0%| F|  |TAMS 0x0000000614800000, 0x0000000614800000| Untracked 
| 154|0x0000000614a00000, 0x0000000614a00000, 0x0000000614c00000|  0%| F|  |TAMS 0x0000000614a00000, 0x0000000614a00000| Untracked 
| 155|0x0000000614c00000, 0x0000000614c00000, 0x0000000614e00000|  0%| F|  |TAMS 0x0000000614c00000, 0x0000000614c00000| Untracked 
| 156|0x0000000614e00000, 0x0000000614e00000, 0x0000000615000000|  0%| F|  |TAMS 0x0000000614e00000, 0x0000000614e00000| Untracked 
| 157|0x0000000615000000, 0x0000000615000000, 0x0000000615200000|  0%| F|  |TAMS 0x0000000615000000, 0x0000000615000000| Untracked 
| 158|0x0000000615200000, 0x0000000615200000, 0x0000000615400000|  0%| F|  |TAMS 0x0000000615200000, 0x0000000615200000| Untracked 
| 159|0x0000000615400000, 0x0000000615400000, 0x0000000615600000|  0%| F|  |TAMS 0x0000000615400000, 0x0000000615400000| Untracked 
| 160|0x0000000615600000, 0x0000000615600000, 0x0000000615800000|  0%| F|  |TAMS 0x0000000615600000, 0x0000000615600000| Untracked 
| 161|0x0000000615800000, 0x0000000615800000, 0x0000000615a00000|  0%| F|  |TAMS 0x0000000615800000, 0x0000000615800000| Untracked 
| 162|0x0000000615a00000, 0x0000000615a00000, 0x0000000615c00000|  0%| F|  |TAMS 0x0000000615a00000, 0x0000000615a00000| Untracked 
| 163|0x0000000615c00000, 0x0000000615c00000, 0x0000000615e00000|  0%| F|  |TAMS 0x0000000615c00000, 0x0000000615c00000| Untracked 
| 164|0x0000000615e00000, 0x0000000615e00000, 0x0000000616000000|  0%| F|  |TAMS 0x0000000615e00000, 0x0000000615e00000| Untracked 
| 165|0x0000000616000000, 0x0000000616000000, 0x0000000616200000|  0%| F|  |TAMS 0x0000000616000000, 0x0000000616000000| Untracked 
| 166|0x0000000616200000, 0x0000000616200000, 0x0000000616400000|  0%| F|  |TAMS 0x0000000616200000, 0x0000000616200000| Untracked 
| 167|0x0000000616400000, 0x0000000616400000, 0x0000000616600000|  0%| F|  |TAMS 0x0000000616400000, 0x0000000616400000| Untracked 
| 168|0x0000000616600000, 0x0000000616600000, 0x0000000616800000|  0%| F|  |TAMS 0x0000000616600000, 0x0000000616600000| Untracked 
| 169|0x0000000616800000, 0x0000000616800000, 0x0000000616a00000|  0%| F|  |TAMS 0x0000000616800000, 0x0000000616800000| Untracked 
| 170|0x0000000616a00000, 0x0000000616a00000, 0x0000000616c00000|  0%| F|  |TAMS 0x0000000616a00000, 0x0000000616a00000| Untracked 
| 171|0x0000000616c00000, 0x0000000616c00000, 0x0000000616e00000|  0%| F|  |TAMS 0x0000000616c00000, 0x0000000616c00000| Untracked 
| 172|0x0000000616e00000, 0x0000000616e00000, 0x0000000617000000|  0%| F|  |TAMS 0x0000000616e00000, 0x0000000616e00000| Untracked 
| 173|0x0000000617000000, 0x0000000617000000, 0x0000000617200000|  0%| F|  |TAMS 0x0000000617000000, 0x0000000617000000| Untracked 
| 174|0x0000000617200000, 0x0000000617200000, 0x0000000617400000|  0%| F|  |TAMS 0x0000000617200000, 0x0000000617200000| Untracked 
| 175|0x0000000617400000, 0x0000000617400000, 0x0000000617600000|  0%| F|  |TAMS 0x0000000617400000, 0x0000000617400000| Untracked 
| 176|0x0000000617600000, 0x0000000617600000, 0x0000000617800000|  0%| F|  |TAMS 0x0000000617600000, 0x0000000617600000| Untracked 
| 177|0x0000000617800000, 0x0000000617800000, 0x0000000617a00000|  0%| F|  |TAMS 0x0000000617800000, 0x0000000617800000| Untracked 
| 178|0x0000000617a00000, 0x0000000617a00000, 0x0000000617c00000|  0%| F|  |TAMS 0x0000000617a00000, 0x0000000617a00000| Untracked 
| 179|0x0000000617c00000, 0x0000000617c00000, 0x0000000617e00000|  0%| F|  |TAMS 0x0000000617c00000, 0x0000000617c00000| Untracked 
| 180|0x0000000617e00000, 0x0000000617e00000, 0x0000000618000000|  0%| F|  |TAMS 0x0000000617e00000, 0x0000000617e00000| Untracked 
| 181|0x0000000618000000, 0x0000000618000000, 0x0000000618200000|  0%| F|  |TAMS 0x0000000618000000, 0x0000000618000000| Untracked 
| 182|0x0000000618200000, 0x0000000618200000, 0x0000000618400000|  0%| F|  |TAMS 0x0000000618200000, 0x0000000618200000| Untracked 
| 183|0x0000000618400000, 0x0000000618400000, 0x0000000618600000|  0%| F|  |TAMS 0x0000000618400000, 0x0000000618400000| Untracked 
| 184|0x0000000618600000, 0x0000000618600000, 0x0000000618800000|  0%| F|  |TAMS 0x0000000618600000, 0x0000000618600000| Untracked 
| 185|0x0000000618800000, 0x0000000618800000, 0x0000000618a00000|  0%| F|  |TAMS 0x0000000618800000, 0x0000000618800000| Untracked 
| 186|0x0000000618a00000, 0x0000000618a00000, 0x0000000618c00000|  0%| F|  |TAMS 0x0000000618a00000, 0x0000000618a00000| Untracked 
| 187|0x0000000618c00000, 0x0000000618c00000, 0x0000000618e00000|  0%| F|  |TAMS 0x0000000618c00000, 0x0000000618c00000| Untracked 
| 188|0x0000000618e00000, 0x0000000618e00000, 0x0000000619000000|  0%| F|  |TAMS 0x0000000618e00000, 0x0000000618e00000| Untracked 
| 189|0x0000000619000000, 0x0000000619000000, 0x0000000619200000|  0%| F|  |TAMS 0x0000000619000000, 0x0000000619000000| Untracked 
| 190|0x0000000619200000, 0x0000000619200000, 0x0000000619400000|  0%| F|  |TAMS 0x0000000619200000, 0x0000000619200000| Untracked 
| 191|0x0000000619400000, 0x0000000619400000, 0x0000000619600000|  0%| F|  |TAMS 0x0000000619400000, 0x0000000619400000| Untracked 
| 192|0x0000000619600000, 0x0000000619600000, 0x0000000619800000|  0%| F|  |TAMS 0x0000000619600000, 0x0000000619600000| Untracked 
| 193|0x0000000619800000, 0x0000000619800000, 0x0000000619a00000|  0%| F|  |TAMS 0x0000000619800000, 0x0000000619800000| Untracked 
| 194|0x0000000619a00000, 0x0000000619a00000, 0x0000000619c00000|  0%| F|  |TAMS 0x0000000619a00000, 0x0000000619a00000| Untracked 
| 195|0x0000000619c00000, 0x0000000619c00000, 0x0000000619e00000|  0%| F|  |TAMS 0x0000000619c00000, 0x0000000619c00000| Untracked 
| 196|0x0000000619e00000, 0x0000000619e00000, 0x000000061a000000|  0%| F|  |TAMS 0x0000000619e00000, 0x0000000619e00000| Untracked 
| 197|0x000000061a000000, 0x000000061a000000, 0x000000061a200000|  0%| F|  |TAMS 0x000000061a000000, 0x000000061a000000| Untracked 
| 198|0x000000061a200000, 0x000000061a200000, 0x000000061a400000|  0%| F|  |TAMS 0x000000061a200000, 0x000000061a200000| Untracked 
| 199|0x000000061a400000, 0x000000061a400000, 0x000000061a600000|  0%| F|  |TAMS 0x000000061a400000, 0x000000061a400000| Untracked 
| 200|0x000000061a600000, 0x000000061a600000, 0x000000061a800000|  0%| F|  |TAMS 0x000000061a600000, 0x000000061a600000| Untracked 
| 201|0x000000061a800000, 0x000000061a800000, 0x000000061aa00000|  0%| F|  |TAMS 0x000000061a800000, 0x000000061a800000| Untracked 
| 202|0x000000061aa00000, 0x000000061aa00000, 0x000000061ac00000|  0%| F|  |TAMS 0x000000061aa00000, 0x000000061aa00000| Untracked 
| 203|0x000000061ac00000, 0x000000061ac00000, 0x000000061ae00000|  0%| F|  |TAMS 0x000000061ac00000, 0x000000061ac00000| Untracked 
| 204|0x000000061ae00000, 0x000000061ae00000, 0x000000061b000000|  0%| F|  |TAMS 0x000000061ae00000, 0x000000061ae00000| Untracked 
| 205|0x000000061b000000, 0x000000061b000000, 0x000000061b200000|  0%| F|  |TAMS 0x000000061b000000, 0x000000061b000000| Untracked 
| 206|0x000000061b200000, 0x000000061b200000, 0x000000061b400000|  0%| F|  |TAMS 0x000000061b200000, 0x000000061b200000| Untracked 
| 207|0x000000061b400000, 0x000000061b400000, 0x000000061b600000|  0%| F|  |TAMS 0x000000061b400000, 0x000000061b400000| Untracked 
| 208|0x000000061b600000, 0x000000061b600000, 0x000000061b800000|  0%| F|  |TAMS 0x000000061b600000, 0x000000061b600000| Untracked 
| 209|0x000000061b800000, 0x000000061b800000, 0x000000061ba00000|  0%| F|  |TAMS 0x000000061b800000, 0x000000061b800000| Untracked 
| 210|0x000000061ba00000, 0x000000061ba00000, 0x000000061bc00000|  0%| F|  |TAMS 0x000000061ba00000, 0x000000061ba00000| Untracked 
| 211|0x000000061bc00000, 0x000000061bc00000, 0x000000061be00000|  0%| F|  |TAMS 0x000000061bc00000, 0x000000061bc00000| Untracked 
| 212|0x000000061be00000, 0x000000061be00000, 0x000000061c000000|  0%| F|  |TAMS 0x000000061be00000, 0x000000061be00000| Untracked 
| 213|0x000000061c000000, 0x000000061c000000, 0x000000061c200000|  0%| F|  |TAMS 0x000000061c000000, 0x000000061c000000| Untracked 
| 214|0x000000061c200000, 0x000000061c200000, 0x000000061c400000|  0%| F|  |TAMS 0x000000061c200000, 0x000000061c200000| Untracked 
| 215|0x000000061c400000, 0x000000061c400000, 0x000000061c600000|  0%| F|  |TAMS 0x000000061c400000, 0x000000061c400000| Untracked 
| 216|0x000000061c600000, 0x000000061c600000, 0x000000061c800000|  0%| F|  |TAMS 0x000000061c600000, 0x000000061c600000| Untracked 
| 217|0x000000061c800000, 0x000000061c800000, 0x000000061ca00000|  0%| F|  |TAMS 0x000000061c800000, 0x000000061c800000| Untracked 
| 218|0x000000061ca00000, 0x000000061ca00000, 0x000000061cc00000|  0%| F|  |TAMS 0x000000061ca00000, 0x000000061ca00000| Untracked 
| 219|0x000000061cc00000, 0x000000061cc00000, 0x000000061ce00000|  0%| F|  |TAMS 0x000000061cc00000, 0x000000061cc00000| Untracked 
| 220|0x000000061ce00000, 0x000000061ce00000, 0x000000061d000000|  0%| F|  |TAMS 0x000000061ce00000, 0x000000061ce00000| Untracked 
| 221|0x000000061d000000, 0x000000061d000000, 0x000000061d200000|  0%| F|  |TAMS 0x000000061d000000, 0x000000061d000000| Untracked 
| 222|0x000000061d200000, 0x000000061d200000, 0x000000061d400000|  0%| F|  |TAMS 0x000000061d200000, 0x000000061d200000| Untracked 
| 223|0x000000061d400000, 0x000000061d400000, 0x000000061d600000|  0%| F|  |TAMS 0x000000061d400000, 0x000000061d400000| Untracked 
| 224|0x000000061d600000, 0x000000061d600000, 0x000000061d800000|  0%| F|  |TAMS 0x000000061d600000, 0x000000061d600000| Untracked 
| 225|0x000000061d800000, 0x000000061d800000, 0x000000061da00000|  0%| F|  |TAMS 0x000000061d800000, 0x000000061d800000| Untracked 
| 226|0x000000061da00000, 0x000000061da00000, 0x000000061dc00000|  0%| F|  |TAMS 0x000000061da00000, 0x000000061da00000| Untracked 
| 227|0x000000061dc00000, 0x000000061dc00000, 0x000000061de00000|  0%| F|  |TAMS 0x000000061dc00000, 0x000000061dc00000| Untracked 
| 228|0x000000061de00000, 0x000000061de00000, 0x000000061e000000|  0%| F|  |TAMS 0x000000061de00000, 0x000000061de00000| Untracked 
| 229|0x000000061e000000, 0x000000061e000000, 0x000000061e200000|  0%| F|  |TAMS 0x000000061e000000, 0x000000061e000000| Untracked 
| 230|0x000000061e200000, 0x000000061e200000, 0x000000061e400000|  0%| F|  |TAMS 0x000000061e200000, 0x000000061e200000| Untracked 
| 231|0x000000061e400000, 0x000000061e400000, 0x000000061e600000|  0%| F|  |TAMS 0x000000061e400000, 0x000000061e400000| Untracked 
| 232|0x000000061e600000, 0x000000061e600000, 0x000000061e800000|  0%| F|  |TAMS 0x000000061e600000, 0x000000061e600000| Untracked 
| 233|0x000000061e800000, 0x000000061e800000, 0x000000061ea00000|  0%| F|  |TAMS 0x000000061e800000, 0x000000061e800000| Untracked 
| 234|0x000000061ea00000, 0x000000061ea00000, 0x000000061ec00000|  0%| F|  |TAMS 0x000000061ea00000, 0x000000061ea00000| Untracked 
| 235|0x000000061ec00000, 0x000000061ec00000, 0x000000061ee00000|  0%| F|  |TAMS 0x000000061ec00000, 0x000000061ec00000| Untracked 
| 236|0x000000061ee00000, 0x000000061ee00000, 0x000000061f000000|  0%| F|  |TAMS 0x000000061ee00000, 0x000000061ee00000| Untracked 
| 237|0x000000061f000000, 0x000000061f000000, 0x000000061f200000|  0%| F|  |TAMS 0x000000061f000000, 0x000000061f000000| Untracked 
| 238|0x000000061f200000, 0x000000061f200000, 0x000000061f400000|  0%| F|  |TAMS 0x000000061f200000, 0x000000061f200000| Untracked 
| 239|0x000000061f400000, 0x000000061f400000, 0x000000061f600000|  0%| F|  |TAMS 0x000000061f400000, 0x000000061f400000| Untracked 
| 240|0x000000061f600000, 0x000000061f700800, 0x000000061f800000| 50%| E|  |TAMS 0x000000061f600000, 0x000000061f600000| Complete 
| 241|0x000000061f800000, 0x000000061fa00000, 0x000000061fa00000|100%| E|CS|TAMS 0x000000061f800000, 0x000000061f800000| Complete 
| 242|0x000000061fa00000, 0x000000061fa59010, 0x000000061fc00000| 17%| S|CS|TAMS 0x000000061fa00000, 0x000000061fa00000| Complete 
| 243|0x000000061fc00000, 0x000000061fe00000, 0x000000061fe00000|100%| S|CS|TAMS 0x000000061fc00000, 0x000000061fc00000| Complete 
| 244|0x000000061fe00000, 0x0000000620000000, 0x0000000620000000|100%| E|CS|TAMS 0x000000061fe00000, 0x000000061fe00000| Complete 
| 245|0x0000000620000000, 0x0000000620200000, 0x0000000620200000|100%| E|CS|TAMS 0x0000000620000000, 0x0000000620000000| Complete 
| 246|0x0000000620200000, 0x0000000620400000, 0x0000000620400000|100%| E|CS|TAMS 0x0000000620200000, 0x0000000620200000| Complete 
| 247|0x0000000620400000, 0x0000000620600000, 0x0000000620600000|100%| E|CS|TAMS 0x0000000620400000, 0x0000000620400000| Complete 
| 248|0x0000000620600000, 0x0000000620800000, 0x0000000620800000|100%| E|CS|TAMS 0x0000000620600000, 0x0000000620600000| Complete 
| 249|0x0000000620800000, 0x0000000620a00000, 0x0000000620a00000|100%| E|CS|TAMS 0x0000000620800000, 0x0000000620800000| Complete 
| 250|0x0000000620a00000, 0x0000000620c00000, 0x0000000620c00000|100%| E|CS|TAMS 0x0000000620a00000, 0x0000000620a00000| Complete 
| 251|0x0000000620c00000, 0x0000000620e00000, 0x0000000620e00000|100%| E|CS|TAMS 0x0000000620c00000, 0x0000000620c00000| Complete 
| 252|0x0000000620e00000, 0x0000000621000000, 0x0000000621000000|100%| E|CS|TAMS 0x0000000620e00000, 0x0000000620e00000| Complete 
| 253|0x0000000621000000, 0x0000000621200000, 0x0000000621200000|100%| E|CS|TAMS 0x0000000621000000, 0x0000000621000000| Complete 
| 254|0x0000000621200000, 0x0000000621400000, 0x0000000621400000|100%| E|CS|TAMS 0x0000000621200000, 0x0000000621200000| Complete 
| 255|0x0000000621400000, 0x0000000621600000, 0x0000000621600000|100%| E|CS|TAMS 0x0000000621400000, 0x0000000621400000| Complete 

Card table byte_map: [0x000001fcca370000,0x000001fccb370000] _byte_map_base: 0x000001fcc7365000

Marking Bits (Prev, Next): (CMBitMap*) 0x000001fcb15156c8, (CMBitMap*) 0x000001fcb1515700
 Prev Bits: [0x000001fccc370000, 0x000001fcd4318000)
 Next Bits: [0x000001fcd4320000, 0x000001fcdc2c8000)

Polling page: 0x000001fcb0c60000

Metaspace:

Usage:
  Non-class:     13.85 MB capacity,    13.65 MB ( 99%) used,   179.99 KB (  1%) free+waste,    25.88 KB ( <1%) overhead. 
      Class:      1.49 MB capacity,     1.40 MB ( 93%) used,    89.49 KB (  6%) free+waste,    10.81 KB ( <1%) overhead. 
       Both:     15.34 MB capacity,    15.05 MB ( 98%) used,   269.48 KB (  2%) free+waste,    36.69 KB ( <1%) overhead. 

Virtual space:
  Non-class space:       14.00 MB reserved,      14.00 MB (100%) committed 
      Class space:        1.00 GB reserved,       1.50 MB ( <1%) committed 
             Both:        1.01 GB reserved,      15.50 MB (  1%) committed 

Chunk freelists:
   Non-Class:  24.00 KB
       Class:  7.00 KB
        Both:  31.00 KB

MaxMetaspaceSize: 17179869184.00 GB
CompressedClassSpaceSize: 1.00 GB

CodeHeap 'non-profiled nmethods': size=119168Kb used=855Kb max_used=855Kb free=118313Kb
 bounds [0x000001fcc1690000, 0x000001fcc1900000, 0x000001fcc8af0000]
CodeHeap 'profiled nmethods': size=119168Kb used=2838Kb max_used=3282Kb free=116329Kb
 bounds [0x000001fcba230000, 0x000001fcba570000, 0x000001fcc1690000]
CodeHeap 'non-nmethods': size=7424Kb used=1211Kb max_used=3082Kb free=6212Kb
 bounds [0x000001fcb9af0000, 0x000001fcb9e00000, 0x000001fcba230000]
 total_blobs=1814 nmethods=1365 adapters=368
 compilation: enabled
              stopped_count=0, restarted_count=0
 full_count=0

Compilation events (20 events):
Event: 10561.783 Thread 0x000001fcdfe08000 1515   !   3       jdk.internal.ref.PhantomCleanable::isListEmpty (34 bytes)
Event: 10561.783 Thread 0x000001fcdfe08000 nmethod 1515 0x000001fcba233010 code [0x000001fcba2331e0, 0x000001fcba233518]
Event: 10561.783 Thread 0x000001fcdfe08000 1516       3       jdk.internal.misc.InnocuousThread::eraseThreadLocals (23 bytes)
Event: 10561.783 Thread 0x000001fcdfe08000 nmethod 1516 0x000001fcba230010 code [0x000001fcba2301c0, 0x000001fcba2303b8]
Event: 11373.364 Thread 0x000001fcdfdf9000 1517       4       java.lang.ref.ReferenceQueue::reallyPoll (65 bytes)
Event: 11373.366 Thread 0x000001fcdfdf9000 nmethod 1517 0x000001fcc1758e10 code [0x000001fcc1758fc0, 0x000001fcc1759328]
Event: 12670.348 Thread 0x000001fcdfdf9000 1518       4       java.lang.String::regionMatches (150 bytes)
Event: 12670.350 Thread 0x000001fcdfdf9000 nmethod 1518 0x000001fcc1759410 code [0x000001fcc17595e0, 0x000001fcc17599e8]
Event: 13015.877 Thread 0x000001fcdfdf9000 1519       4       sun.net.util.IPAddressUtil::checkHostString (53 bytes)
Event: 13015.878 Thread 0x000001fcdfdf9000 nmethod 1519 0x000001fcc1759d10 code [0x000001fcc1759ea0, 0x000001fcc1759f58]
Event: 13181.156 Thread 0x000001fcdfdf9000 1520   !   4       java.net.URL::<init> (543 bytes)
Event: 13181.201 Thread 0x000001fcdfdf9000 nmethod 1520 0x000001fcc175a090 code [0x000001fcc175a2e0, 0x000001fcc175c370]
Event: 13261.277 Thread 0x000001fcdfdf9000 1521       4       java.net.URLStreamHandler::parseURL (1201 bytes)
Event: 13261.368 Thread 0x000001fcdfdf9000 nmethod 1521 0x000001fcc175d490 code [0x000001fcc175d7a0, 0x000001fcc1762060]
Event: 13441.579 Thread 0x000001fcdfdf9000 1522       4       java.lang.ClassLoader::getResource (41 bytes)
Event: 13441.581 Thread 0x000001fcdfdf9000 nmethod 1522 0x000001fcc1764390 code [0x000001fcc1764580, 0x000001fcc17647b0]
Event: 62866.809 Thread 0x000001fcdfdf9000 1523   !   4       java.lang.ref.ReferenceQueue::remove (125 bytes)
Event: 62866.817 Thread 0x000001fcdfdf9000 nmethod 1523 0x000001fcc1764a90 code [0x000001fcc1764c80, 0x000001fcc17659a8]
Event: 65315.726 Thread 0x000001fcdfdf9000 1524   !   4       com.mysql.cj.jdbc.AbandonedConnectionCleanupThread::checkThreadContextClassLoader (20 bytes)
Event: 65315.728 Thread 0x000001fcdfdf9000 nmethod 1524 0x000001fcc1765d90 code [0x000001fcc1765fa0, 0x000001fcc17662d0]

GC Heap History (2 events):
Event: 0.432 GC heap before
{Heap before GC invocations=0 (full 0):
 garbage-first heap   total 524288K, used 24576K [0x0000000601600000, 0x0000000800000000)
  region size 2048K, 12 young (24576K), 0 survivors (0K)
 Metaspace       used 12374K, capacity 12669K, committed 12800K, reserved 1060864K
  class space    used 1113K, capacity 1218K, committed 1280K, reserved 1048576K
}
Event: 0.435 GC heap after
{Heap after GC invocations=1 (full 0):
 garbage-first heap   total 524288K, used 2404K [0x0000000601600000, 0x0000000800000000)
  region size 2048K, 2 young (4096K), 2 survivors (4096K)
 Metaspace       used 12374K, capacity 12669K, committed 12800K, reserved 1060864K
  class space    used 1113K, capacity 1218K, committed 1280K, reserved 1048576K
}

Deoptimization events (20 events):
Event: 0.515 Thread 0x000001fcb148a800 DEOPT PACKING pc=0x000001fcba40e86b sp=0x00000035f52fb3c0
Event: 0.515 Thread 0x000001fcb148a800 DEOPT UNPACKING pc=0x000001fcb9b2bc4e sp=0x00000035f52fa848 mode 0
Event: 0.515 Thread 0x000001fcb148a800 DEOPT PACKING pc=0x000001fcba40e86b sp=0x00000035f52fb3c0
Event: 0.515 Thread 0x000001fcb148a800 DEOPT UNPACKING pc=0x000001fcb9b2bc4e sp=0x00000035f52fa848 mode 0
Event: 0.515 Thread 0x000001fcb148a800 DEOPT PACKING pc=0x000001fcba40e86b sp=0x00000035f52fb3c0
Event: 0.515 Thread 0x000001fcb148a800 DEOPT UNPACKING pc=0x000001fcb9b2bc4e sp=0x00000035f52fa848 mode 0
Event: 0.537 Thread 0x000001fcb148a800 Uncommon trap: trap_request=0xffffffbe fr.pc=0x000001fcc16f896c relative=0x00000000000007ec
Event: 0.537 Thread 0x000001fcb148a800 Uncommon trap: reason=profile_predicate action=maybe_recompile pc=0x000001fcc16f896c method=java.lang.Integer.parseInt(Ljava/lang/String;I)I @ 176 c2
Event: 0.537 Thread 0x000001fcb148a800 DEOPT PACKING pc=0x000001fcc16f896c sp=0x00000035f52fef10
Event: 0.537 Thread 0x000001fcb148a800 DEOPT UNPACKING pc=0x000001fcb9b2be2f sp=0x00000035f52fee98 mode 2
Event: 0.537 Thread 0x000001fcb148a800 Uncommon trap: trap_request=0xffffffbe fr.pc=0x000001fcc16f896c relative=0x00000000000007ec
Event: 0.537 Thread 0x000001fcb148a800 Uncommon trap: reason=profile_predicate action=maybe_recompile pc=0x000001fcc16f896c method=java.lang.Integer.parseInt(Ljava/lang/String;I)I @ 176 c2
Event: 0.537 Thread 0x000001fcb148a800 DEOPT PACKING pc=0x000001fcc16f896c sp=0x00000035f52fee90
Event: 0.537 Thread 0x000001fcb148a800 DEOPT UNPACKING pc=0x000001fcb9b2be2f sp=0x00000035f52fee18 mode 2
Event: 1582.655 Thread 0x000001fce02c2000 DEOPT PACKING pc=0x000001fcba302093 sp=0x00000035f6bfe5b0
Event: 1582.655 Thread 0x000001fce02c2000 DEOPT UNPACKING pc=0x000001fcb9b2bc4e sp=0x00000035f6bfda10 mode 0
Event: 6425.255 Thread 0x000001fce02c2000 DEOPT PACKING pc=0x000001fcba558e85 sp=0x00000035f6bfeca0
Event: 6425.255 Thread 0x000001fce02c2000 DEOPT UNPACKING pc=0x000001fcb9b2bc4e sp=0x00000035f6bfe0b0 mode 0
Event: 7476.871 Thread 0x000001fce02c2000 DEOPT PACKING pc=0x000001fcba524c29 sp=0x00000035f6bfec60
Event: 7476.871 Thread 0x000001fce02c2000 DEOPT UNPACKING pc=0x000001fcb9b2bc4e sp=0x00000035f6bfe0e0 mode 0

Classes redefined (2 events):
Event: 87450.523 Thread 0x000001fcdfd61000 redefined class name=main.DBTest, count=1
Event: 87997.268 Thread 0x000001fcdfd61000 redefined class name=main.DBTest, count=2

Internal exceptions (5 events):
Event: 0.106 Thread 0x000001fcb148a800 Exception <a 'java/lang/NoSuchMethodError'{0x0000000621265658}: 'int java.lang.invoke.DirectMethodHandle$Holder.invokeSpecialIFC(java.lang.Object, java.lang.Object, int)'> (0x0000000621265658) thrown at [./src/hotspot/share/interpreter/linkResolver.cpp, line 773]
Event: 0.129 Thread 0x000001fcb148a800 Exception <a 'java/lang/NoSuchMethodError'{0x000000062105a708}: 'void java.lang.invoke.DirectMethodHandle$Holder.invokeSpecial(java.lang.Object, java.lang.Object, java.lang.Object, java.lang.Object, java.lang.Object)'> (0x000000062105a708) thrown at [./src/hotspot/share/interpreter/linkResolver.cpp, line 773]
Event: 0.130 Thread 0x000001fcb148a800 Exception <a 'java/lang/IncompatibleClassChangeError'{0x000000062106c218}: Found class java.lang.Object, but interface was expected> (0x000000062106c218) thrown at [./src/hotspot/share/interpreter/linkResolver.cpp, line 839]
Event: 0.131 Thread 0x000001fcb148a800 Exception <a 'java/lang/NoSuchMethodError'{0x000000062106f048}: 'void java.lang.invoke.DirectMethodHandle$Holder.invokeStatic(java.lang.Object, java.lang.Object, java.lang.Object, java.lang.Object)'> (0x000000062106f048) thrown at [./src/hotspot/share/interpreter/linkResolver.cpp, line 773]
Event: 0.352 Thread 0x000001fcb148a800 Exception <a 'java/lang/NoSuchMethodError'{0x00000006208f1940}: 'java.lang.Object java.lang.invoke.DirectMethodHandle$Holder.invokeVirtual(java.lang.Object, java.lang.Object, java.lang.Object)'> (0x00000006208f1940) thrown at [./src/hotspot/share/interpreter/linkResolver.cpp, line 773]

Events (20 events):
Event: 87997.275 Executing VM operation: ChangeBreakpoints
Event: 87997.275 Executing VM operation: ChangeBreakpoints done
Event: 87997.277 Executing VM operation: GetFrameCount
Event: 87997.277 Executing VM operation: GetFrameCount done
Event: 87997.277 Executing VM operation: GetStackTrace
Event: 87997.277 Executing VM operation: GetStackTrace done
Event: 87997.278 Executing VM operation: GetFrameCount
Event: 87997.278 Executing VM operation: GetFrameCount done
Event: 87997.278 Executing VM operation: SetFramePop
Event: 87997.278 Executing nested VM operation: EnterInterpOnlyMode
Event: 87997.278 Executing nested VM operation: EnterInterpOnlyMode done
Event: 87997.278 Executing VM operation: SetFramePop done
Event: 87997.278 Executing VM operation: GetFrameLocation
Event: 87997.278 Executing VM operation: GetFrameLocation done
Event: 87997.278 Executing VM operation: GetCurrentLocation
Event: 87997.278 Executing VM operation: GetCurrentLocation done
Event: 87997.278 Executing VM operation: ChangeSingleStep
Event: 87997.278 Executing VM operation: ChangeSingleStep done
Event: 87997.278 Executing VM operation: GetFrameLocation
Event: 87997.278 Executing VM operation: GetFrameLocation done


Dynamic libraries:
0x00007ff7d98c0000 - 0x00007ff7d98cd000 	C:\Program Files\AdoptOpenJDK\jdk-11.0.8.10-hotspot\bin\javaw.exe
0x00007ff996e50000 - 0x00007ff997046000 	C:\Windows\SYSTEM32\ntdll.dll
0x00007ff9968e0000 - 0x00007ff99699d000 	C:\Windows\System32\KERNEL32.DLL
0x00007ff994630000 - 0x00007ff9948f8000 	C:\Windows\System32\KERNELBASE.dll
0x00007ff991c00000 - 0x00007ff991c90000 	C:\Windows\SYSTEM32\apphelp.dll
0x00007ff994c50000 - 0x00007ff994d50000 	C:\Windows\System32\ucrtbase.dll
0x00007ff98b370000 - 0x00007ff98b387000 	C:\Program Files\AdoptOpenJDK\jdk-11.0.8.10-hotspot\bin\jli.dll
0x00007ff985a20000 - 0x00007ff985a35000 	C:\Program Files\AdoptOpenJDK\jdk-11.0.8.10-hotspot\bin\VCRUNTIME140.dll
0x00007ff995550000 - 0x00007ff9956f0000 	C:\Windows\System32\USER32.dll
0x00007ff994ac0000 - 0x00007ff994ae2000 	C:\Windows\System32\win32u.dll
0x00007ff97e910000 - 0x00007ff97ebab000 	C:\Windows\WinSxS\amd64_microsoft.windows.common-controls_6595b64144ccf1df_6.0.19041.488_none_ca04af081b815d21\COMCTL32.dll
0x00007ff994eb0000 - 0x00007ff994eda000 	C:\Windows\System32\GDI32.dll
0x00007ff995c30000 - 0x00007ff995cce000 	C:\Windows\System32\msvcrt.dll
0x00007ff994b40000 - 0x00007ff994c49000 	C:\Windows\System32\gdi32full.dll
0x00007ff994590000 - 0x00007ff99462d000 	C:\Windows\System32\msvcp_win.dll
0x00007ff9952a0000 - 0x00007ff9952d0000 	C:\Windows\System32\IMM32.DLL
0x00007ff963be0000 - 0x00007ff963c7b000 	C:\Program Files\AdoptOpenJDK\jdk-11.0.8.10-hotspot\bin\msvcp140.dll
0x00007ff940130000 - 0x00007ff940bed000 	C:\Program Files\AdoptOpenJDK\jdk-11.0.8.10-hotspot\bin\server\jvm.dll
0x00007ff995010000 - 0x00007ff9950bc000 	C:\Windows\System32\ADVAPI32.dll
0x00007ff995930000 - 0x00007ff9959cb000 	C:\Windows\System32\sechost.dll
0x00007ff995700000 - 0x00007ff995824000 	C:\Windows\System32\RPCRT4.dll
0x00007ff9956f0000 - 0x00007ff9956f8000 	C:\Windows\System32\PSAPI.DLL
0x00007ff987130000 - 0x00007ff987139000 	C:\Windows\SYSTEM32\WSOCK32.dll
0x00007ff9958c0000 - 0x00007ff99592b000 	C:\Windows\System32\WS2_32.dll
0x00007ff98eb60000 - 0x00007ff98eb6a000 	C:\Windows\SYSTEM32\VERSION.dll
0x00007ff9874a0000 - 0x00007ff9874c7000 	C:\Windows\SYSTEM32\WINMM.dll
0x00007ff992e70000 - 0x00007ff992e82000 	C:\Windows\SYSTEM32\kernel.appcore.dll
0x00007ff989ee0000 - 0x00007ff989ef0000 	C:\Program Files\AdoptOpenJDK\jdk-11.0.8.10-hotspot\bin\verify.dll
0x00007ff992480000 - 0x00007ff992664000 	C:\Windows\SYSTEM32\DBGHELP.DLL
0x00007ff98c140000 - 0x00007ff98c16c000 	C:\Windows\SYSTEM32\dbgcore.DLL
0x00007ff994930000 - 0x00007ff9949af000 	C:\Windows\System32\bcryptPrimitives.dll
0x00007ff97d070000 - 0x00007ff97d098000 	C:\Program Files\AdoptOpenJDK\jdk-11.0.8.10-hotspot\bin\java.dll
0x00007ff985be0000 - 0x00007ff985bea000 	C:\Program Files\AdoptOpenJDK\jdk-11.0.8.10-hotspot\bin\jimage.dll
0x00007ff97b940000 - 0x00007ff97b978000 	C:\Program Files\AdoptOpenJDK\jdk-11.0.8.10-hotspot\bin\jdwp.dll
0x00007ff98b330000 - 0x00007ff98b33e000 	C:\Program Files\AdoptOpenJDK\jdk-11.0.8.10-hotspot\bin\instrument.dll
0x00007ff9820f0000 - 0x00007ff982107000 	C:\Program Files\AdoptOpenJDK\jdk-11.0.8.10-hotspot\bin\zip.dll
0x00007ff995e10000 - 0x00007ff996551000 	C:\Windows\System32\SHELL32.dll
0x00007ff9926c0000 - 0x00007ff992e55000 	C:\Windows\SYSTEM32\windows.storage.dll
0x00007ff996570000 - 0x00007ff9968c5000 	C:\Windows\System32\combase.dll
0x00007ff993f90000 - 0x00007ff993fbc000 	C:\Windows\SYSTEM32\Wldp.dll
0x00007ff9950c0000 - 0x00007ff99516e000 	C:\Windows\System32\SHCORE.dll
0x00007ff995a30000 - 0x00007ff995a85000 	C:\Windows\System32\shlwapi.dll
0x00007ff9944c0000 - 0x00007ff9944e6000 	C:\Windows\SYSTEM32\profapi.dll
0x00007ff97d0d0000 - 0x00007ff97d0e9000 	C:\Program Files\AdoptOpenJDK\jdk-11.0.8.10-hotspot\bin\net.dll
0x00007ff987e20000 - 0x00007ff987f20000 	C:\Windows\SYSTEM32\WINHTTP.dll
0x00007ff993cb0000 - 0x00007ff993d1a000 	C:\Windows\system32\mswsock.dll
0x00007ff97d050000 - 0x00007ff97d062000 	C:\Program Files\AdoptOpenJDK\jdk-11.0.8.10-hotspot\bin\nio.dll
0x00007ff984980000 - 0x00007ff98498a000 	C:\Program Files\AdoptOpenJDK\jdk-11.0.8.10-hotspot\bin\dt_socket.dll
0x00007ff9939e0000 - 0x00007ff993aab000 	C:\Windows\SYSTEM32\DNSAPI.dll
0x00007ff9939a0000 - 0x00007ff9939db000 	C:\Windows\SYSTEM32\IPHLPAPI.DLL
0x00007ff9968d0000 - 0x00007ff9968d8000 	C:\Windows\System32\NSI.dll
0x00007ff987da0000 - 0x00007ff987e1f000 	C:\Windows\System32\fwpuclnt.dll
0x00007ff994900000 - 0x00007ff994927000 	C:\Windows\System32\bcrypt.dll
0x00007ff986ee0000 - 0x00007ff986eea000 	C:\Windows\System32\rasadhlp.dll
0x00007ff97af00000 - 0x00007ff97af25000 	C:\Program Files\AdoptOpenJDK\jdk-11.0.8.10-hotspot\bin\sunec.dll
0x00007ff98f2b0000 - 0x00007ff98f2be000 	C:\Program Files\AdoptOpenJDK\jdk-11.0.8.10-hotspot\bin\sunmscapi.dll
0x00007ff994d50000 - 0x00007ff994ead000 	C:\Windows\System32\CRYPT32.dll
0x00007ff994000000 - 0x00007ff994027000 	C:\Windows\SYSTEM32\ncrypt.dll
0x00007ff993fc0000 - 0x00007ff993ffb000 	C:\Windows\SYSTEM32\NTASN1.dll

dbghelp: loaded successfully - version: 4.0.5 - missing functions: none
symbol engine: initialized successfully - sym options: 0x614 - pdb path: .;C:\Program Files\AdoptOpenJDK\jdk-11.0.8.10-hotspot\bin;C:\Windows\SYSTEM32;C:\Windows\WinSxS\amd64_microsoft.windows.common-controls_6595b64144ccf1df_6.0.19041.488_none_ca04af081b815d21;C:\Program Files\AdoptOpenJDK\jdk-11.0.8.10-hotspot\bin\server

VM Arguments:
jvm_args: -agentlib:jdwp=transport=dt_socket,suspend=y,address=localhost:60580 -javaagent:C:\Users\강두현\OneDrive\바탕 화면\코딩\이클립스\eclipse\configuration\org.eclipse.osgi\413\0\.cp\lib\javaagent-shaded.jar -Dfile.encoding=UTF-8 --module-path=C:\Users\강두현\Downloads\mysql-connector-java-8.0.22\mysql-connector-java-8.0.22.jar 
java_command: main.DBTest
java_class_path (initial): C:\Users\강두현\eclipse-workspace\Home\bin
Launcher Type: SUN_STANDARD

[Global flags]
     intx CICompilerCount                          = 12                                        {product} {ergonomic}
     uint ConcGCThreads                            = 3                                         {product} {ergonomic}
     uint G1ConcRefinementThreads                  = 13                                        {product} {ergonomic}
   size_t G1HeapRegionSize                         = 2097152                                   {product} {ergonomic}
    uintx GCDrainStackTargetSize                   = 64                                        {product} {ergonomic}
   size_t InitialHeapSize                          = 536870912                                 {product} {ergonomic}
   size_t MarkStackSize                            = 4194304                                   {product} {ergonomic}
   size_t MaxHeapSize                              = 8566865920                                {product} {ergonomic}
   size_t MaxNewSize                               = 5140119552                                {product} {ergonomic}
   size_t MinHeapDeltaBytes                        = 2097152                                   {product} {ergonomic}
    uintx NonNMethodCodeHeapSize                   = 7594288                                {pd product} {ergonomic}
    uintx NonProfiledCodeHeapSize                  = 122031976                              {pd product} {ergonomic}
    uintx ProfiledCodeHeapSize                     = 122031976                              {pd product} {ergonomic}
    uintx ReservedCodeCacheSize                    = 251658240                              {pd product} {ergonomic}
     bool SegmentedCodeCache                       = true                                      {product} {ergonomic}
     bool UseCompressedClassPointers               = true                                 {lp64_product} {ergonomic}
     bool UseCompressedOops                        = true                                 {lp64_product} {ergonomic}
     bool UseG1GC                                  = true                                      {product} {ergonomic}
     bool UseLargePagesIndividualAllocation        = false                                  {pd product} {ergonomic}

Logging:
Log output configuration:
 #0: stdout all=warning uptime,level,tags
 #1: stderr all=off uptime,level,tags

Environment Variables:
PATH=C:/Program Files/AdoptOpenJDK/jdk-11.0.8.10-hotspot/bin/client;C:/Program Files/AdoptOpenJDK/jdk-11.0.8.10-hotspot/bin;C:\Program Files\AdoptOpenJDK\jdk-11.0.8.10-hotspot\bin;C:\Program Files (x86)\Common Files\Oracle\Java\javapath;C:\Program Files (x86)\NAT Service;C:\Windows\system32;C:\Windows;C:\Windows\System32\Wbem;C:\Windows\System32\WindowsPowerShell\v1.0\;C:\Windows\System32\OpenSSH\;C:\Program Files (x86)\NVIDIA Corporation\PhysX\Common;C:\Program Files\NVIDIA Corporation\NVIDIA NvDLISR;C:\Program Files (x86)\Brackets\command;";";C:\Program Files\Java\jdk1.8.0_261\bin;C:\Program Files\Git\cmd;C:\Python38-32\Scripts\;C:\Python38-32\;C:\Users\강두현\AppData\Local\Microsoft\WindowsApps;;C:\Users\강두현\AppData\Local\Programs\Microsoft VS Code\bin;C:\Users\강두현\OneDrive\바탕 화면\코딩\이클립스\eclipse;
USERNAME=강두현
OS=Windows_NT
PROCESSOR_IDENTIFIER=Intel64 Family 6 Model 165 Stepping 2, GenuineIntel



---------------  S Y S T E M  ---------------

OS: Windows 10 , 64 bit Build 19041 (10.0.19041.546)
OS uptime: 5 days 18:30 hours

CPU:total 16 (initial active 16) (8 cores per cpu, 2 threads per core) family 6 model 165 stepping 2, cmov, cx8, fxsr, mmx, sse, sse2, sse3, ssse3, sse4.1, sse4.2, popcnt, avx, avx2, aes, clmul, erms, 3dnowpref, lzcnt, ht, tsc, tscinvbit, bmi1, bmi2, adx, fma

Memory: 4k page, system-wide physical 32672M (22744M free)
TotalPageFile size 37536M (AvailPageFile size 23194M)
current process WorkingSet (physical memory assigned to process): 100M, peak: 221M
current process commit charge ("private bytes"): 633M, peak: 759M

vm_info: OpenJDK 64-Bit Server VM (11.0.8+10) for windows-amd64 JRE (11.0.8+10), built on Jul 15 2020 11:45:54 by "" with MS VC++ 15.9 (VS2017)

END.
